[23-Oct-2016 15:31:19 UTC] mail() on [/home/gpclub52/chikitzo/app/Http/Controllers/HomeController.php:63]: To: md.jasil@gmail.com -- Headers: MIME-Version: 1.0  Content-type: text/html; charset=iso-8859-1  From: info@chiktizo.com  Reply-To: jgfd@ghkn.com  X-Mailer: PHP/5.6.27
[14-Nov-2016 18:27:01 UTC] mail() on [/home/chikitzo/chikitzo/app/Http/Controllers/HomeController.php:510]: To: md.jasil@gmail.com -- Headers: MIME-Version: 1.0  Content-type: text/html; charset=iso-8859-1  From: info@chiktizo.com  Reply-To: md.jasil@gmail.com  X-Mailer: PHP/5.6.27
[04-Mar-2017 17:25:19 UTC] mail() on [/home/chikitzo/chikitzo/app/Http/Controllers/UserController.php:120]: To: hasgardee@gmail.com -- Headers: 
[04-Mar-2017 17:30:07 UTC] mail() on [/home/chikitzo/chikitzo/app/Http/Controllers/UserController.php:127]: To: hasgardee@gmail.com -- Headers: 
[05-Mar-2017 13:02:09 UTC] mail() on [/home/chikitzo/chikitzo/app/Http/Controllers/HomeController.php:516]: To: md.jasil@gmail.com -- Headers: MIME-Version: 1.0  Content-type: text/html; charset=iso-8859-1  From: info@chiktizo.com  Reply-To: Beculan1946@einrot.com  X-Mailer: PHP/5.6.30
[05-Mar-2017 16:34:18 UTC] mail() on [/home/chikitzo/chikitzo/app/Http/Controllers/Auth/AuthController.php:373]: To: chikitzosearch@gmail.com -- Headers: 
[05-Mar-2017 17:53:00 UTC] mail() on [/home/chikitzo/chikitzo/app/Http/Controllers/Auth/AuthController.php:373]: To: asdsad@asdsad.cc -- Headers: 
[05-Mar-2017 19:02:15 UTC] mail() on [/home/chikitzo/chikitzo/app/Http/Controllers/Auth/AuthController.php:373]: To: abdulla.kunnumal@gmail.com -- Headers: 
[06-Mar-2017 05:51:50 UTC] mail() on [/home/chikitzo/chikitzo/app/Http/Controllers/Auth/AuthController.php:373]: To: maxhas79@gmail.com -- Headers: 
[06-Mar-2017 13:06:53 UTC] mail() on [/home/chikitzo/chikitzo/app/Http/Controllers/Auth/AuthController.php:373]: To: md.jasil@gmail.com -- Headers: 
[06-Mar-2017 17:22:52 UTC] mail() on [/home/chikitzo/chikitzo/app/Http/Controllers/HomeController.php:516]: To: md.jasil@gmail.com -- Headers: MIME-Version: 1.0  Content-type: text/html; charset=iso-8859-1  From: info@chiktizo.com  Reply-To: md.jasil@gmail.com  X-Mailer: PHP/5.6.30
[12-Mar-2017 18:33:25 UTC] mail() on [/home/chikitzo/chikitzo/app/Http/Controllers/Auth/AuthController.php:387]: To: maxhas79@gmail.com -- Headers: 
[12-Mar-2017 18:33:43 UTC] mail() on [/home/chikitzo/chikitzo/app/Http/Controllers/UserController.php:175]: To: info@chikitzo.com -- Headers: 
[12-Mar-2017 18:35:15 UTC] mail() on [/home/chikitzo/chikitzo/app/Http/Controllers/UserController.php:175]: To: info@chikitzo.com -- Headers: 
[12-Mar-2017 18:35:15 UTC] mail() on [/home/chikitzo/chikitzo/app/Http/Controllers/UserController.php:191]: To: maxhas79@gmail.com -- Headers: 
[12-Mar-2017 18:36:51 UTC] mail() on [/home/chikitzo/chikitzo/app/Http/Controllers/UserController.php:249]: To:  -- Headers: 
[13-Mar-2017 05:28:13 UTC] mail() on [/home/chikitzo/chikitzo/app/Http/Controllers/Auth/AuthController.php:388]: To: chikitzosearch@gmail.com -- Headers: 
[13-Mar-2017 05:28:47 UTC] mail() on [/home/chikitzo/chikitzo/app/Http/Controllers/UserController.php:175]: To: info@chikitzo.com -- Headers: 
[13-Mar-2017 05:28:47 UTC] mail() on [/home/chikitzo/chikitzo/app/Http/Controllers/UserController.php:191]: To: chikitzosearch@gmail.com -- Headers: 
[13-Mar-2017 05:33:09 UTC] mail() on [/home/chikitzo/chikitzo/app/Http/Controllers/UserController.php:249]: To:  -- Headers: 
[13-Mar-2017 16:11:25 UTC] mail() on [/home/chikitzo/chikitzo/app/Http/Controllers/HomeController.php:518]: To: info@chiktizo.com -- Headers: MIME-Version: 1.0  Content-type: text/html; charset=iso-8859-1  From: info@chiktizo.com  Reply-To: md.jasil@gmail.com  X-Mailer: PHP/5.6.30
[14-Mar-2017 19:20:33 UTC] mail() on [/home/chikitzo/chikitzo/app/Http/Controllers/Auth/AuthController.php:388]: To: md.jasil@gmail.com -- Headers: 
[14-Mar-2017 19:21:00 UTC] mail() on [/home/chikitzo/chikitzo/app/Http/Controllers/UserController.php:175]: To: info@chikitzo.com -- Headers: 
[14-Mar-2017 19:21:00 UTC] mail() on [/home/chikitzo/chikitzo/app/Http/Controllers/UserController.php:191]: To: md.jasil@gmail.com -- Headers: 
[14-Mar-2017 19:21:46 UTC] mail() on [/home/chikitzo/chikitzo/app/Http/Controllers/UserController.php:249]: To:  -- Headers: 
[17-Mar-2017 11:37:47 UTC] mail() on [/home/chikitzo/chikitzo/app/Http/Controllers/HomeController.php:518]: To: info@chiktizo.com -- Headers: MIME-Version: 1.0  Content-type: text/html; charset=iso-8859-1  From: info@chiktizo.com  Reply-To: a7mdyaseen122@gmail.com  X-Mailer: PHP/5.6.30
[07-Apr-2017 18:57:56 UTC] mail() on [/home/chikitzo/chikitzo/app/Http/Controllers/HomeController.php:518]: To: info@chiktizo.com -- Headers: MIME-Version: 1.0  Content-type: text/html; charset=iso-8859-1  From: info@chiktizo.com  Reply-To: noreplyLC@email.com  X-Mailer: PHP/5.6.30
[08-Apr-2017 09:43:01 UTC] mail() on [/home/chikitzo/chikitzo/app/Http/Controllers/UserController.php:253]: To:  -- Headers: 
[10-Apr-2017 12:48:57 UTC] mail() on [/home/chikitzo/chikitzo/app/Http/Controllers/Auth/AuthController.php:395]: To: a7mdyaseen122@gmail.com -- Headers: 
[10-Apr-2017 12:49:50 UTC] mail() on [/home/chikitzo/chikitzo/app/Http/Controllers/UserController.php:177]: To: info@chikitzo.com -- Headers: 
[10-Apr-2017 12:49:50 UTC] mail() on [/home/chikitzo/chikitzo/app/Http/Controllers/UserController.php:193]: To: a7mdyaseen122@gmail.com -- Headers: 
[10-Apr-2017 12:53:11 UTC] mail() on [/home/chikitzo/chikitzo/app/Http/Controllers/UserController.php:253]: To:  -- Headers: 
[14-Apr-2017 13:40:00 UTC] mail() on [/home/chikitzo/chikitzo/app/Http/Controllers/HomeController.php:518]: To: info@chiktizo.com -- Headers: MIME-Version: 1.0  Content-type: text/html; charset=iso-8859-1  From: info@chiktizo.com  Reply-To: a7mdyaseen122@gmail.com  X-Mailer: PHP/5.6.30
[19-Apr-2017 12:11:56 UTC] mail() on [/home/chikitzo/chikitzo/app/Http/Controllers/HomeController.php:518]: To: info@chiktizo.com -- Headers: MIME-Version: 1.0  Content-type: text/html; charset=iso-8859-1  From: info@chiktizo.com  Reply-To: data4ceos04182017@gmail.com  X-Mailer: PHP/5.6.30
[03-May-2017 21:51:06 UTC] mail() on [/home/chikitzo/chikitzo/app/Http/Controllers/HomeController.php:518]: To: info@chiktizo.com -- Headers: MIME-Version: 1.0  Content-type: text/html; charset=iso-8859-1  From: info@chiktizo.com  Reply-To: noreplyLC@webmail.com  X-Mailer: PHP/5.6.30
[08-May-2017 21:29:10 UTC] mail() on [/home/chikitzo/chikitzo/app/Http/Controllers/HomeController.php:518]: To: info@chiktizo.com -- Headers: MIME-Version: 1.0  Content-type: text/html; charset=iso-8859-1  From: info@chiktizo.com  Reply-To: data4ceos04182017@gmail.com  X-Mailer: PHP/5.6.30
[15-May-2017 05:38:45 UTC] mail() on [/home/chikitzo/chikitzo/app/Http/Controllers/HomeController.php:518]: To: info@chiktizo.com -- Headers: MIME-Version: 1.0  Content-type: text/html; charset=iso-8859-1  From: info@chiktizo.com  Reply-To: amalmathews.555@gmail.com  X-Mailer: PHP/5.6.30
[16-May-2017 23:33:54 UTC] mail() on [/home/chikitzo/chikitzo/app/Http/Controllers/HomeController.php:518]: To: info@chiktizo.com -- Headers: MIME-Version: 1.0  Content-type: text/html; charset=iso-8859-1  From: info@chiktizo.com  Reply-To: noreply@chatonline.com  X-Mailer: PHP/5.6.30
[24-May-2017 17:49:52 UTC] mail() on [/home/chikitzo/chikitzo/app/Http/Controllers/UserController.php:254]: To: ayurnilayam@gmail.com -- Headers: 
[26-May-2017 06:39:05 UTC] mail() on [/home/chikitzo/chikitzo/app/Http/Controllers/HomeController.php:518]: To: info@chiktizo.com -- Headers: MIME-Version: 1.0  Content-type: text/html; charset=iso-8859-1  From: info@chiktizo.com  Reply-To: noreplyLC@email.com  X-Mailer: PHP/5.6.30
[26-May-2017 09:19:37 UTC] mail() on [/home/chikitzo/chikitzo/app/Http/Controllers/UserController.php:254]: To: mail@fathimahospital.com -- Headers: 
[26-May-2017 09:19:45 UTC] mail() on [/home/chikitzo/chikitzo/app/Http/Controllers/UserController.php:254]: To: mail@fathimahospital.com -- Headers: 
[28-May-2017 14:47:49 UTC] mail() on [/home/chikitzo/chikitzo/app/Http/Controllers/UserController.php:254]: To: mktg@babymhospital.org -- Headers: 
[28-May-2017 14:47:53 UTC] mail() on [/home/chikitzo/chikitzo/app/Http/Controllers/UserController.php:254]: To: mktg@babymhospital.org -- Headers: 
[28-May-2017 14:48:00 UTC] mail() on [/home/chikitzo/chikitzo/app/Http/Controllers/UserController.php:254]: To: mktg@babymhospital.org -- Headers: 
[28-May-2017 23:11:46 UTC] mail() on [/home/chikitzo/chikitzo/app/Http/Controllers/HomeController.php:518]: To: info@chiktizo.com -- Headers: MIME-Version: 1.0  Content-type: text/html; charset=iso-8859-1  From: info@chiktizo.com  Reply-To: data4ceos052817@gmail.com  X-Mailer: PHP/5.6.30
